[32minfo[39m: App is running on 0.0.0.0:3003 {"service":"any-shop","timestamp":"2025-02-13T19:32:37.531Z"}
[32minfo[39m: GET /api/categories 200 85ms 3499 bytes {"service":"any-shop","timestamp":"2025-02-13T19:36:03.545Z"}
[32minfo[39m: GET /api/recommendations 200 32ms 41199 bytes {"service":"any-shop","timestamp":"2025-02-13T19:36:03.590Z"}
[32minfo[39m: GET /api/categories 200 32ms 3499 bytes {"service":"any-shop","timestamp":"2025-02-13T20:06:02.854Z"}
[32minfo[39m: GET /api/recommendations 200 28ms 35415 bytes {"service":"any-shop","timestamp":"2025-02-13T20:06:02.861Z"}
[32minfo[39m: GET /api/categories 200 25ms 3499 bytes {"service":"any-shop","timestamp":"2025-02-13T20:36:02.769Z"}
[32minfo[39m: GET /api/recommendations 200 30ms 27463 bytes {"service":"any-shop","timestamp":"2025-02-13T20:36:02.779Z"}
[32minfo[39m: GET /api/recommendations 200 25ms 27536 bytes {"service":"any-shop","timestamp":"2025-02-13T20:37:47.222Z"}
[32minfo[39m: GET /api/categories 200 13ms 3499 bytes {"service":"any-shop","timestamp":"2025-02-13T20:37:47.247Z"}
[32minfo[39m: GET / 200 2ms 2963 bytes {"service":"any-shop","timestamp":"2025-02-13T20:59:54.031Z"}
[32minfo[39m: GET /static/js/main.c500b8de.chunk.js 200 0ms 2963 bytes {"service":"any-shop","timestamp":"2025-02-13T20:59:54.194Z"}
[32minfo[39m: GET /style.css 200 0ms 2963 bytes {"service":"any-shop","timestamp":"2025-02-13T20:59:54.196Z"}
[32minfo[39m: GET /static/js/2.4c790032.chunk.js 200 0ms 2963 bytes {"service":"any-shop","timestamp":"2025-02-13T20:59:54.198Z"}
[32minfo[39m: GET /favicon.ico 200 1ms 2963 bytes {"service":"any-shop","timestamp":"2025-02-13T20:59:54.634Z"}
[32minfo[39m: GET / 200 1ms 2963 bytes {"service":"any-shop","timestamp":"2025-02-13T20:59:59.131Z"}
[32minfo[39m: GET / 200 1ms 2963 bytes {"service":"any-shop","timestamp":"2025-02-13T21:06:02.165Z"}
[32minfo[39m: GET /style.css 200 0ms 2963 bytes {"service":"any-shop","timestamp":"2025-02-13T21:06:02.289Z"}
[32minfo[39m: GET /static/js/main.c500b8de.chunk.js 200 1ms 2963 bytes {"service":"any-shop","timestamp":"2025-02-13T21:06:02.303Z"}
[32minfo[39m: GET /static/js/2.4c790032.chunk.js 200 1ms 2963 bytes {"service":"any-shop","timestamp":"2025-02-13T21:06:02.324Z"}
[32minfo[39m: GET / 200 1ms 2963 bytes {"service":"any-shop","timestamp":"2025-02-13T21:06:57.773Z"}
[32minfo[39m: GET /api/categories 200 41ms 3499 bytes {"service":"any-shop","timestamp":"2025-02-13T21:06:58.047Z"}
[32minfo[39m: GET /api/recommendations 200 32ms 36931 bytes {"service":"any-shop","timestamp":"2025-02-13T21:06:58.058Z"}
[32minfo[39m: GET /manifest.json 200 0ms 2963 bytes {"service":"any-shop","timestamp":"2025-02-13T21:06:58.094Z"}
[32minfo[39m: GET / 200 0ms 2963 bytes {"service":"any-shop","timestamp":"2025-02-13T21:14:08.159Z"}
[32minfo[39m: GET /api/categories 200 30ms 3499 bytes {"service":"any-shop","timestamp":"2025-02-13T21:14:08.594Z"}
[32minfo[39m: GET /api/recommendations 200 23ms 37459 bytes {"service":"any-shop","timestamp":"2025-02-13T21:14:08.600Z"}
[32minfo[39m: GET /manifest.json 200 0ms 2963 bytes {"service":"any-shop","timestamp":"2025-02-13T21:14:08.782Z"}
[32minfo[39m: GET / 200 1ms 2963 bytes {"service":"any-shop","timestamp":"2025-02-13T21:21:16.803Z"}
[32minfo[39m: GET /style.css 200 0ms 2963 bytes {"service":"any-shop","timestamp":"2025-02-13T21:21:16.909Z"}
[32minfo[39m: GET /static/js/2.4c790032.chunk.js 200 0ms 2963 bytes {"service":"any-shop","timestamp":"2025-02-13T21:21:16.917Z"}
[32minfo[39m: GET /static/js/main.c500b8de.chunk.js 200 0ms 2963 bytes {"service":"any-shop","timestamp":"2025-02-13T21:21:16.924Z"}
[32minfo[39m: GET /favicon.ico 200 0ms 2963 bytes {"service":"any-shop","timestamp":"2025-02-13T21:21:17.751Z"}
[32minfo[39m: GET /manifest.json 200 0ms 2963 bytes {"service":"any-shop","timestamp":"2025-02-13T21:21:17.807Z"}
[32minfo[39m: GET /manifest.json 200 0ms 2963 bytes {"service":"any-shop","timestamp":"2025-02-13T21:21:21.184Z"}
[32minfo[39m: GET / 200 0ms 2963 bytes {"service":"any-shop","timestamp":"2025-02-13T21:21:22.031Z"}
[32minfo[39m: GET /manifest.json 200 0ms 2963 bytes {"service":"any-shop","timestamp":"2025-02-13T21:21:22.364Z"}
[32minfo[39m: GET / 200 0ms 2963 bytes {"service":"any-shop","timestamp":"2025-02-13T21:21:24.906Z"}
[32minfo[39m: GET /manifest.json 200 0ms 2963 bytes {"service":"any-shop","timestamp":"2025-02-13T21:21:25.206Z"}
[32minfo[39m: GET / 200 0ms 2963 bytes {"service":"any-shop","timestamp":"2025-02-13T21:21:26.964Z"}
[32minfo[39m: GET /manifest.json 200 0ms 2963 bytes {"service":"any-shop","timestamp":"2025-02-13T21:21:27.252Z"}
[32minfo[39m: GET / 200 1ms 2963 bytes {"service":"any-shop","timestamp":"2025-02-13T21:29:52.481Z"}
[32minfo[39m: GET /api/categories 200 25ms 3499 bytes {"service":"any-shop","timestamp":"2025-02-13T21:29:52.798Z"}
[32minfo[39m: GET /api/recommendations 200 10ms 38317 bytes {"service":"any-shop","timestamp":"2025-02-13T21:29:52.817Z"}
[32minfo[39m: GET /manifest.json 200 0ms 2963 bytes {"service":"any-shop","timestamp":"2025-02-13T21:29:52.931Z"}
[32minfo[39m: GET / 200 0ms 2963 bytes {"service":"any-shop","timestamp":"2025-02-13T21:29:53.933Z"}
[32minfo[39m: GET /api/categories 200 16ms 3499 bytes {"service":"any-shop","timestamp":"2025-02-13T21:29:54.043Z"}
[32minfo[39m: GET /api/recommendations 200 13ms 47962 bytes {"service":"any-shop","timestamp":"2025-02-13T21:29:54.048Z"}
[32minfo[39m: GET /manifest.json 200 1ms 2963 bytes {"service":"any-shop","timestamp":"2025-02-13T21:29:54.064Z"}
[32minfo[39m: GET / 200 0ms 2963 bytes {"service":"any-shop","timestamp":"2025-02-13T21:29:54.476Z"}
[32minfo[39m: GET /api/recommendations 200 7ms 27348 bytes {"service":"any-shop","timestamp":"2025-02-13T21:29:54.569Z"}
[32minfo[39m: GET /api/categories 200 7ms 3499 bytes {"service":"any-shop","timestamp":"2025-02-13T21:29:54.579Z"}
[32minfo[39m: GET /manifest.json 200 1ms 2963 bytes {"service":"any-shop","timestamp":"2025-02-13T21:29:54.595Z"}
[32minfo[39m: GET / 200 1ms 2963 bytes {"service":"any-shop","timestamp":"2025-02-13T21:30:16.179Z"}
[32minfo[39m: GET / 200 0ms 2963 bytes {"service":"any-shop","timestamp":"2025-02-13T21:30:19.089Z"}
[32minfo[39m: GET / 200 0ms 2963 bytes {"service":"any-shop","timestamp":"2025-02-13T21:31:53.439Z"}
[32minfo[39m: GET /api/categories 200 25ms 3499 bytes {"service":"any-shop","timestamp":"2025-02-13T21:31:53.748Z"}
[32minfo[39m: GET /api/recommendations 200 12ms 30564 bytes {"service":"any-shop","timestamp":"2025-02-13T21:31:53.777Z"}
[32minfo[39m: GET /manifest.json 200 0ms 2963 bytes {"service":"any-shop","timestamp":"2025-02-13T21:31:53.876Z"}
[32minfo[39m: GET / 200 1ms 2963 bytes {"service":"any-shop","timestamp":"2025-02-13T21:36:03.070Z"}
